# JRE version: OpenJDK Runtime Environment Temurin-17.0.5+8 (17.0.5+8) (build 17.0.5+8)
# Java VM: OpenJDK 64-Bit Server VM Temurin-17.0.5+8 (17.0.5+8, mixed mode, sharing, tiered, compressed oops, compressed class ptrs, g1 gc, windows-amd64)
GC Precious Log:
 CPUs: 8 total, 8 available
 Memory: 7834M
 Large Page Support: Disabled
 NUMA Support: Disabled
 Compressed Oops: Enabled (32-bit)
 Heap Region Size: 1M
 Heap Min Capacity: 8M
 Heap Initial Capacity: 124M
 Heap Max Capacity: 1960M
 Pre-touch: Disabled
 Parallel Workers: 8
 Concurrent Workers: 2
 Concurrent Refinement Workers: 8
 Periodic GC: Disabled
Heap:
 garbage-first heap   total 126976K, used 54570K [0x0000000085800000, 0x0000000100000000)
  region size 1024K, 43 young (44032K), 3 survivors (3072K)
 Metaspace       used 13307K, committed 13504K, reserved 1064960K
  class space    used 935K, committed 1024K, reserved 1048576K
GC Heap History (20 events):
Event: 14.684 GC heap before
{Heap before GC invocations=26 (full 0):
 garbage-first heap   total 126976K, used 81467K [0x0000000085800000, 0x0000000100000000)
  region size 1024K, 74 young (75776K), 3 survivors (3072K)
 Metaspace       used 12402K, committed 12608K, reserved 1064960K
  class space    used 911K, committed 1024K, reserved 1048576K
}
Event: 14.687 GC heap after
{Heap after GC invocations=27 (full 0):
 garbage-first heap   total 126976K, used 8862K [0x0000000085800000, 0x0000000100000000)
  region size 1024K, 3 young (3072K), 3 survivors (3072K)
 Metaspace       used 12402K, committed 12608K, reserved 1064960K
  class space    used 911K, committed 1024K, reserved 1048576K
}
Event: 15.174 GC heap before
{Heap before GC invocations=27 (full 0):
 garbage-first heap   total 126976K, used 81566K [0x0000000085800000, 0x0000000100000000)
  region size 1024K, 74 young (75776K), 3 survivors (3072K)
 Metaspace       used 12402K, committed 12608K, reserved 1064960K
  class space    used 911K, committed 1024K, reserved 1048576K
}
Event: 15.176 GC heap after
{Heap after GC invocations=28 (full 0):
 garbage-first heap   total 126976K, used 9178K [0x0000000085800000, 0x0000000100000000)
  region size 1024K, 3 young (3072K), 3 survivors (3072K)
 Metaspace       used 12402K, committed 12608K, reserved 1064960K
  class space    used 911K, committed 1024K, reserved 1048576K
}
Event: 15.642 GC heap before
{Heap before GC invocations=28 (full 0):
 garbage-first heap   total 126976K, used 81882K [0x0000000085800000, 0x0000000100000000)
  region size 1024K, 74 young (75776K), 3 survivors (3072K)
 Metaspace       used 12402K, committed 12608K, reserved 1064960K
  class space    used 911K, committed 1024K, reserved 1048576K
}
Event: 15.645 GC heap after
{Heap after GC invocations=29 (full 0):
 garbage-first heap   total 126976K, used 9253K [0x0000000085800000, 0x0000000100000000)
  region size 1024K, 3 young (3072K), 3 survivors (3072K)
 Metaspace       used 12402K, committed 12608K, reserved 1064960K
  class space    used 911K, committed 1024K, reserved 1048576K
}
Event: 16.122 GC heap before
{Heap before GC invocations=29 (full 0):
 garbage-first heap   total 126976K, used 81957K [0x0000000085800000, 0x0000000100000000)
  region size 1024K, 74 young (75776K), 3 survivors (3072K)
 Metaspace       used 12402K, committed 12608K, reserved 1064960K
  class space    used 911K, committed 1024K, reserved 1048576K
}
Event: 16.125 GC heap after
{Heap after GC invocations=30 (full 0):
 garbage-first heap   total 126976K, used 9479K [0x0000000085800000, 0x0000000100000000)
  region size 1024K, 3 young (3072K), 3 survivors (3072K)
 Metaspace       used 12402K, committed 12608K, reserved 1064960K
  class space    used 911K, committed 1024K, reserved 1048576K
}
Event: 16.587 GC heap before
{Heap before GC invocations=30 (full 0):
 garbage-first heap   total 126976K, used 82183K [0x0000000085800000, 0x0000000100000000)
  region size 1024K, 74 young (75776K), 3 survivors (3072K)
 Metaspace       used 12402K, committed 12608K, reserved 1064960K
  class space    used 911K, committed 1024K, reserved 1048576K
}
Event: 16.590 GC heap after
{Heap after GC invocations=31 (full 0):
 garbage-first heap   total 126976K, used 9631K [0x0000000085800000, 0x0000000100000000)
  region size 1024K, 3 young (3072K), 3 survivors (3072K)
 Metaspace       used 12402K, committed 12608K, reserved 1064960K
  class space    used 911K, committed 1024K, reserved 1048576K
}
Event: 17.100 GC heap before
{Heap before GC invocations=31 (full 0):
 garbage-first heap   total 126976K, used 82335K [0x0000000085800000, 0x0000000100000000)
  region size 1024K, 74 young (75776K), 3 survivors (3072K)
 Metaspace       used 12402K, committed 12608K, reserved 1064960K
  class space    used 911K, committed 1024K, reserved 1048576K
}
Event: 17.103 GC heap after
{Heap after GC invocations=32 (full 0):
 garbage-first heap   total 126976K, used 9876K [0x0000000085800000, 0x0000000100000000)
  region size 1024K, 3 young (3072K), 3 survivors (3072K)
 Metaspace       used 12402K, committed 12608K, reserved 1064960K
  class space    used 911K, committed 1024K, reserved 1048576K
}
Event: 17.607 GC heap before
{Heap before GC invocations=32 (full 0):
 garbage-first heap   total 126976K, used 82580K [0x0000000085800000, 0x0000000100000000)
  region size 1024K, 74 young (75776K), 3 survivors (3072K)
 Metaspace       used 12403K, committed 12608K, reserved 1064960K
  class space    used 911K, committed 1024K, reserved 1048576K
}
Event: 17.611 GC heap after
{Heap after GC invocations=33 (full 0):
 garbage-first heap   total 126976K, used 10127K [0x0000000085800000, 0x0000000100000000)
  region size 1024K, 3 young (3072K), 3 survivors (3072K)
 Metaspace       used 12403K, committed 12608K, reserved 1064960K
  class space    used 911K, committed 1024K, reserved 1048576K
}
Event: 18.318 GC heap before
{Heap before GC invocations=33 (full 0):
 garbage-first heap   total 126976K, used 82831K [0x0000000085800000, 0x0000000100000000)
  region size 1024K, 74 young (75776K), 3 survivors (3072K)
 Metaspace       used 12403K, committed 12608K, reserved 1064960K
  class space    used 911K, committed 1024K, reserved 1048576K
}
Event: 18.321 GC heap after
{Heap after GC invocations=34 (full 0):
 garbage-first heap   total 126976K, used 10370K [0x0000000085800000, 0x0000000100000000)
  region size 1024K, 4 young (4096K), 4 survivors (4096K)
 Metaspace       used 12403K, committed 12608K, reserved 1064960K
  class space    used 911K, committed 1024K, reserved 1048576K
}
Event: 18.823 GC heap before
{Heap before GC invocations=34 (full 0):
 garbage-first heap   total 126976K, used 83074K [0x0000000085800000, 0x0000000100000000)
  region size 1024K, 74 young (75776K), 4 survivors (4096K)
 Metaspace       used 12403K, committed 12608K, reserved 1064960K
  class space    used 911K, committed 1024K, reserved 1048576K
}
Event: 18.826 GC heap after
{Heap after GC invocations=35 (full 0):
 garbage-first heap   total 126976K, used 11271K [0x0000000085800000, 0x0000000100000000)
  region size 1024K, 3 young (3072K), 3 survivors (3072K)
 Metaspace       used 12403K, committed 12608K, reserved 1064960K
  class space    used 911K, committed 1024K, reserved 1048576K
}
Event: 19.273 GC heap before
{Heap before GC invocations=35 (full 0):
 garbage-first heap   total 126976K, used 83975K [0x0000000085800000, 0x0000000100000000)
  region size 1024K, 74 young (75776K), 3 survivors (3072K)
 Metaspace       used 12403K, committed 12608K, reserved 1064960K
  class space    used 911K, committed 1024K, reserved 1048576K
}
Event: 19.275 GC heap after
{Heap after GC invocations=36 (full 0):
 garbage-first heap   total 126976K, used 11562K [0x0000000085800000, 0x0000000100000000)
  region size 1024K, 3 young (3072K), 3 survivors (3072K)
 Metaspace       used 12403K, committed 12608K, reserved 1064960K
  class space    used 911K, committed 1024K, reserved 1048576K
}

