# JRE version: OpenJDK Runtime Environment Temurin-17.0.5+8 (17.0.5+8) (build 17.0.5+8)
# Java VM: OpenJDK 64-Bit Server VM Temurin-17.0.5+8 (17.0.5+8, mixed mode, sharing, tiered, compressed oops, compressed class ptrs, g1 gc, windows-amd64)
GC Precious Log:
 CPUs: 8 total, 8 available
 Memory: 7834M
 Large Page Support: Disabled
 NUMA Support: Disabled
 Compressed Oops: Enabled (32-bit)
 Heap Region Size: 1M
 Heap Min Capacity: 8M
 Heap Initial Capacity: 124M
 Heap Max Capacity: 1960M
 Pre-touch: Disabled
 Parallel Workers: 8
 Concurrent Workers: 2
 Concurrent Refinement Workers: 8
 Periodic GC: Disabled
Heap:
 garbage-first heap   total 126976K, used 53893K [0x0000000085800000, 0x0000000100000000)
  region size 1024K, 49 young (50176K), 3 survivors (3072K)
 Metaspace       used 12952K, committed 13120K, reserved 1064960K
  class space    used 928K, committed 1024K, reserved 1048576K
GC Heap History (20 events):
Event: 1.369 GC heap before
{Heap before GC invocations=0 (full 0):
 garbage-first heap   total 126976K, used 23552K [0x0000000085800000, 0x0000000100000000)
  region size 1024K, 23 young (23552K), 0 survivors (0K)
 Metaspace       used 10793K, committed 11008K, reserved 1064960K
  class space    used 740K, committed 832K, reserved 1048576K
}
Event: 1.378 GC heap after
{Heap after GC invocations=1 (full 0):
 garbage-first heap   total 126976K, used 2754K [0x0000000085800000, 0x0000000100000000)
  region size 1024K, 3 young (3072K), 3 survivors (3072K)
 Metaspace       used 10793K, committed 11008K, reserved 1064960K
  class space    used 740K, committed 832K, reserved 1048576K
}
Event: 2.535 GC heap before
{Heap before GC invocations=1 (full 0):
 garbage-first heap   total 126976K, used 40642K [0x0000000085800000, 0x0000000100000000)
  region size 1024K, 35 young (35840K), 3 survivors (3072K)
 Metaspace       used 12680K, committed 12928K, reserved 1064960K
  class space    used 918K, committed 1024K, reserved 1048576K
}
Event: 2.539 GC heap after
{Heap after GC invocations=2 (full 0):
 garbage-first heap   total 126976K, used 7906K [0x0000000085800000, 0x0000000100000000)
  region size 1024K, 3 young (3072K), 3 survivors (3072K)
 Metaspace       used 12680K, committed 12928K, reserved 1064960K
  class space    used 918K, committed 1024K, reserved 1048576K
}
Event: 3.416 GC heap before
{Heap before GC invocations=2 (full 0):
 garbage-first heap   total 126976K, used 76514K [0x0000000085800000, 0x0000000100000000)
  region size 1024K, 70 young (71680K), 3 survivors (3072K)
 Metaspace       used 12801K, committed 12992K, reserved 1064960K
  class space    used 927K, committed 1024K, reserved 1048576K
}
Event: 3.418 GC heap after
{Heap after GC invocations=3 (full 0):
 garbage-first heap   total 126976K, used 7601K [0x0000000085800000, 0x0000000100000000)
  region size 1024K, 2 young (2048K), 2 survivors (2048K)
 Metaspace       used 12801K, committed 12992K, reserved 1064960K
  class space    used 927K, committed 1024K, reserved 1048576K
}
Event: 4.100 GC heap before
{Heap before GC invocations=3 (full 0):
 garbage-first heap   total 126976K, used 81329K [0x0000000085800000, 0x0000000100000000)
  region size 1024K, 74 young (75776K), 2 survivors (2048K)
 Metaspace       used 12857K, committed 13056K, reserved 1064960K
  class space    used 927K, committed 1024K, reserved 1048576K
}
Event: 4.102 GC heap after
{Heap after GC invocations=4 (full 0):
 garbage-first heap   total 126976K, used 7621K [0x0000000085800000, 0x0000000100000000)
  region size 1024K, 2 young (2048K), 2 survivors (2048K)
 Metaspace       used 12857K, committed 13056K, reserved 1064960K
  class space    used 927K, committed 1024K, reserved 1048576K
}
Event: 4.948 GC heap before
{Heap before GC invocations=4 (full 0):
 garbage-first heap   total 126976K, used 81349K [0x0000000085800000, 0x0000000100000000)
  region size 1024K, 74 young (75776K), 2 survivors (2048K)
 Metaspace       used 12866K, committed 13056K, reserved 1064960K
  class space    used 927K, committed 1024K, reserved 1048576K
}
Event: 4.950 GC heap after
{Heap after GC invocations=5 (full 0):
 garbage-first heap   total 126976K, used 7582K [0x0000000085800000, 0x0000000100000000)
  region size 1024K, 2 young (2048K), 2 survivors (2048K)
 Metaspace       used 12866K, committed 13056K, reserved 1064960K
  class space    used 927K, committed 1024K, reserved 1048576K
}
Event: 5.781 GC heap before
{Heap before GC invocations=5 (full 0):
 garbage-first heap   total 126976K, used 81310K [0x0000000085800000, 0x0000000100000000)
  region size 1024K, 74 young (75776K), 2 survivors (2048K)
 Metaspace       used 12911K, committed 13056K, reserved 1064960K
  class space    used 928K, committed 1024K, reserved 1048576K
}
Event: 5.784 GC heap after
{Heap after GC invocations=6 (full 0):
 garbage-first heap   total 126976K, used 7872K [0x0000000085800000, 0x0000000100000000)
  region size 1024K, 3 young (3072K), 3 survivors (3072K)
 Metaspace       used 12911K, committed 13056K, reserved 1064960K
  class space    used 928K, committed 1024K, reserved 1048576K
}
Event: 6.692 GC heap before
{Heap before GC invocations=6 (full 0):
 garbage-first heap   total 126976K, used 80576K [0x0000000085800000, 0x0000000100000000)
  region size 1024K, 74 young (75776K), 3 survivors (3072K)
 Metaspace       used 12930K, committed 13120K, reserved 1064960K
  class space    used 928K, committed 1024K, reserved 1048576K
}
Event: 6.694 GC heap after
{Heap after GC invocations=7 (full 0):
 garbage-first heap   total 126976K, used 7854K [0x0000000085800000, 0x0000000100000000)
  region size 1024K, 3 young (3072K), 3 survivors (3072K)
 Metaspace       used 12930K, committed 13120K, reserved 1064960K
  class space    used 928K, committed 1024K, reserved 1048576K
}
Event: 7.384 GC heap before
{Heap before GC invocations=7 (full 0):
 garbage-first heap   total 126976K, used 80558K [0x0000000085800000, 0x0000000100000000)
  region size 1024K, 74 young (75776K), 3 survivors (3072K)
 Metaspace       used 12934K, committed 13120K, reserved 1064960K
  class space    used 928K, committed 1024K, reserved 1048576K
}
Event: 7.385 GC heap after
{Heap after GC invocations=8 (full 0):
 garbage-first heap   total 126976K, used 7777K [0x0000000085800000, 0x0000000100000000)
  region size 1024K, 3 young (3072K), 3 survivors (3072K)
 Metaspace       used 12934K, committed 13120K, reserved 1064960K
  class space    used 928K, committed 1024K, reserved 1048576K
}
Event: 8.156 GC heap before
{Heap before GC invocations=8 (full 0):
 garbage-first heap   total 126976K, used 80481K [0x0000000085800000, 0x0000000100000000)
  region size 1024K, 74 young (75776K), 3 survivors (3072K)
 Metaspace       used 12938K, committed 13120K, reserved 1064960K
  class space    used 928K, committed 1024K, reserved 1048576K
}
Event: 8.158 GC heap after
{Heap after GC invocations=9 (full 0):
 garbage-first heap   total 126976K, used 7848K [0x0000000085800000, 0x0000000100000000)
  region size 1024K, 3 young (3072K), 3 survivors (3072K)
 Metaspace       used 12938K, committed 13120K, reserved 1064960K
  class space    used 928K, committed 1024K, reserved 1048576K
}
Event: 9.716 GC heap before
{Heap before GC invocations=9 (full 0):
 garbage-first heap   total 126976K, used 80552K [0x0000000085800000, 0x0000000100000000)
  region size 1024K, 74 young (75776K), 3 survivors (3072K)
 Metaspace       used 12948K, committed 13120K, reserved 1064960K
  class space    used 928K, committed 1024K, reserved 1048576K
}
Event: 9.720 GC heap after
{Heap after GC invocations=10 (full 0):
 garbage-first heap   total 126976K, used 7813K [0x0000000085800000, 0x0000000100000000)
  region size 1024K, 3 young (3072K), 3 survivors (3072K)
 Metaspace       used 12948K, committed 13120K, reserved 1064960K
  class space    used 928K, committed 1024K, reserved 1048576K
}

