# JRE version: OpenJDK Runtime Environment Temurin-17.0.5+8 (17.0.5+8) (build 17.0.5+8)
# Java VM: OpenJDK 64-Bit Server VM Temurin-17.0.5+8 (17.0.5+8, mixed mode, sharing, tiered, compressed oops, compressed class ptrs, g1 gc, windows-amd64)
GC Precious Log:
 CPUs: 8 total, 8 available
 Memory: 7834M
 Large Page Support: Disabled
 NUMA Support: Disabled
 Compressed Oops: Enabled (32-bit)
 Heap Region Size: 1M
 Heap Min Capacity: 8M
 Heap Initial Capacity: 124M
 Heap Max Capacity: 1960M
 Pre-touch: Disabled
 Parallel Workers: 8
 Concurrent Workers: 2
 Concurrent Refinement Workers: 8
 Periodic GC: Disabled
Heap:
 garbage-first heap   total 126976K, used 20961K [0x0000000085800000, 0x0000000100000000)
  region size 1024K, 16 young (16384K), 2 survivors (2048K)
 Metaspace       used 12994K, committed 13184K, reserved 1064960K
  class space    used 932K, committed 1024K, reserved 1048576K
GC Heap History (20 events):
Event: 1.270 GC heap before
{Heap before GC invocations=0 (full 0):
 garbage-first heap   total 126976K, used 23552K [0x0000000085800000, 0x0000000100000000)
  region size 1024K, 23 young (23552K), 0 survivors (0K)
 Metaspace       used 10787K, committed 11008K, reserved 1064960K
  class space    used 741K, committed 832K, reserved 1048576K
}
Event: 1.277 GC heap after
{Heap after GC invocations=1 (full 0):
 garbage-first heap   total 126976K, used 2746K [0x0000000085800000, 0x0000000100000000)
  region size 1024K, 3 young (3072K), 3 survivors (3072K)
 Metaspace       used 10787K, committed 11008K, reserved 1064960K
  class space    used 741K, committed 832K, reserved 1048576K
}
Event: 2.582 GC heap before
{Heap before GC invocations=1 (full 0):
 garbage-first heap   total 126976K, used 42682K [0x0000000085800000, 0x0000000100000000)
  region size 1024K, 37 young (37888K), 3 survivors (3072K)
 Metaspace       used 12666K, committed 12864K, reserved 1064960K
  class space    used 919K, committed 1024K, reserved 1048576K
}
Event: 2.588 GC heap after
{Heap after GC invocations=2 (full 0):
 garbage-first heap   total 126976K, used 7913K [0x0000000085800000, 0x0000000100000000)
  region size 1024K, 3 young (3072K), 3 survivors (3072K)
 Metaspace       used 12666K, committed 12864K, reserved 1064960K
  class space    used 919K, committed 1024K, reserved 1048576K
}
Event: 3.533 GC heap before
{Heap before GC invocations=2 (full 0):
 garbage-first heap   total 126976K, used 79593K [0x0000000085800000, 0x0000000100000000)
  region size 1024K, 73 young (74752K), 3 survivors (3072K)
 Metaspace       used 12789K, committed 12992K, reserved 1064960K
  class space    used 928K, committed 1024K, reserved 1048576K
}
Event: 3.534 GC heap after
{Heap after GC invocations=3 (full 0):
 garbage-first heap   total 126976K, used 7628K [0x0000000085800000, 0x0000000100000000)
  region size 1024K, 2 young (2048K), 2 survivors (2048K)
 Metaspace       used 12789K, committed 12992K, reserved 1064960K
  class space    used 928K, committed 1024K, reserved 1048576K
}
Event: 4.384 GC heap before
{Heap before GC invocations=3 (full 0):
 garbage-first heap   total 126976K, used 81356K [0x0000000085800000, 0x0000000100000000)
  region size 1024K, 74 young (75776K), 2 survivors (2048K)
 Metaspace       used 12851K, committed 13056K, reserved 1064960K
  class space    used 929K, committed 1024K, reserved 1048576K
}
Event: 4.386 GC heap after
{Heap after GC invocations=4 (full 0):
 garbage-first heap   total 126976K, used 7608K [0x0000000085800000, 0x0000000100000000)
  region size 1024K, 2 young (2048K), 2 survivors (2048K)
 Metaspace       used 12851K, committed 13056K, reserved 1064960K
  class space    used 929K, committed 1024K, reserved 1048576K
}
Event: 5.685 GC heap before
{Heap before GC invocations=4 (full 0):
 garbage-first heap   total 126976K, used 81336K [0x0000000085800000, 0x0000000100000000)
  region size 1024K, 74 young (75776K), 2 survivors (2048K)
 Metaspace       used 12858K, committed 13056K, reserved 1064960K
  class space    used 929K, committed 1024K, reserved 1048576K
}
Event: 5.688 GC heap after
{Heap after GC invocations=5 (full 0):
 garbage-first heap   total 126976K, used 7676K [0x0000000085800000, 0x0000000100000000)
  region size 1024K, 2 young (2048K), 2 survivors (2048K)
 Metaspace       used 12858K, committed 13056K, reserved 1064960K
  class space    used 929K, committed 1024K, reserved 1048576K
}
Event: 6.526 GC heap before
{Heap before GC invocations=5 (full 0):
 garbage-first heap   total 126976K, used 81404K [0x0000000085800000, 0x0000000100000000)
  region size 1024K, 74 young (75776K), 2 survivors (2048K)
 Metaspace       used 12898K, committed 13056K, reserved 1064960K
  class space    used 929K, committed 1024K, reserved 1048576K
}
Event: 6.528 GC heap after
{Heap after GC invocations=6 (full 0):
 garbage-first heap   total 126976K, used 7656K [0x0000000085800000, 0x0000000100000000)
  region size 1024K, 2 young (2048K), 2 survivors (2048K)
 Metaspace       used 12898K, committed 13056K, reserved 1064960K
  class space    used 929K, committed 1024K, reserved 1048576K
}
Event: 7.388 GC heap before
{Heap before GC invocations=6 (full 0):
 garbage-first heap   total 126976K, used 81384K [0x0000000085800000, 0x0000000100000000)
  region size 1024K, 74 young (75776K), 2 survivors (2048K)
 Metaspace       used 12922K, committed 13120K, reserved 1064960K
  class space    used 929K, committed 1024K, reserved 1048576K
}
Event: 7.389 GC heap after
{Heap after GC invocations=7 (full 0):
 garbage-first heap   total 126976K, used 7626K [0x0000000085800000, 0x0000000100000000)
  region size 1024K, 2 young (2048K), 2 survivors (2048K)
 Metaspace       used 12922K, committed 13120K, reserved 1064960K
  class space    used 929K, committed 1024K, reserved 1048576K
}
Event: 8.196 GC heap before
{Heap before GC invocations=7 (full 0):
 garbage-first heap   total 126976K, used 81354K [0x0000000085800000, 0x0000000100000000)
  region size 1024K, 74 young (75776K), 2 survivors (2048K)
 Metaspace       used 12925K, committed 13120K, reserved 1064960K
  class space    used 929K, committed 1024K, reserved 1048576K
}
Event: 8.199 GC heap after
{Heap after GC invocations=8 (full 0):
 garbage-first heap   total 126976K, used 7630K [0x0000000085800000, 0x0000000100000000)
  region size 1024K, 2 young (2048K), 2 survivors (2048K)
 Metaspace       used 12925K, committed 13120K, reserved 1064960K
  class space    used 929K, committed 1024K, reserved 1048576K
}
Event: 9.152 GC heap before
{Heap before GC invocations=8 (full 0):
 garbage-first heap   total 126976K, used 81358K [0x0000000085800000, 0x0000000100000000)
  region size 1024K, 74 young (75776K), 2 survivors (2048K)
 Metaspace       used 12932K, committed 13120K, reserved 1064960K
  class space    used 929K, committed 1024K, reserved 1048576K
}
Event: 9.155 GC heap after
{Heap after GC invocations=9 (full 0):
 garbage-first heap   total 126976K, used 7724K [0x0000000085800000, 0x0000000100000000)
  region size 1024K, 2 young (2048K), 2 survivors (2048K)
 Metaspace       used 12932K, committed 13120K, reserved 1064960K
  class space    used 929K, committed 1024K, reserved 1048576K
}
Event: 10.072 GC heap before
{Heap before GC invocations=9 (full 0):
 garbage-first heap   total 126976K, used 81452K [0x0000000085800000, 0x0000000100000000)
  region size 1024K, 74 young (75776K), 2 survivors (2048K)
 Metaspace       used 12945K, committed 13120K, reserved 1064960K
  class space    used 929K, committed 1024K, reserved 1048576K
}
Event: 10.073 GC heap after
{Heap after GC invocations=10 (full 0):
 garbage-first heap   total 126976K, used 7649K [0x0000000085800000, 0x0000000100000000)
  region size 1024K, 2 young (2048K), 2 survivors (2048K)
 Metaspace       used 12945K, committed 13120K, reserved 1064960K
  class space    used 929K, committed 1024K, reserved 1048576K
}

