# JRE version: OpenJDK Runtime Environment Temurin-17.0.5+8 (17.0.5+8) (build 17.0.5+8)
# Java VM: OpenJDK 64-Bit Server VM Temurin-17.0.5+8 (17.0.5+8, mixed mode, sharing, tiered, compressed oops, compressed class ptrs, g1 gc, windows-amd64)
GC Precious Log:
 CPUs: 8 total, 8 available
 Memory: 7834M
 Large Page Support: Disabled
 NUMA Support: Disabled
 Compressed Oops: Enabled (32-bit)
 Heap Region Size: 1M
 Heap Min Capacity: 8M
 Heap Initial Capacity: 124M
 Heap Max Capacity: 1960M
 Pre-touch: Disabled
 Parallel Workers: 8
 Concurrent Workers: 2
 Concurrent Refinement Workers: 8
 Periodic GC: Disabled
Heap:
 garbage-first heap   total 126976K, used 59807K [0x0000000085800000, 0x0000000100000000)
  region size 1024K, 52 young (53248K), 7 survivors (7168K)
 Metaspace       used 13343K, committed 13504K, reserved 1064960K
  class space    used 938K, committed 1024K, reserved 1048576K
GC Heap History (10 events):
Event: 1.321 GC heap before
{Heap before GC invocations=0 (full 0):
 garbage-first heap   total 126976K, used 23552K [0x0000000085800000, 0x0000000100000000)
  region size 1024K, 23 young (23552K), 0 survivors (0K)
 Metaspace       used 10780K, committed 10944K, reserved 1064960K
  class space    used 741K, committed 832K, reserved 1048576K
}
Event: 1.329 GC heap after
{Heap after GC invocations=1 (full 0):
 garbage-first heap   total 126976K, used 2781K [0x0000000085800000, 0x0000000100000000)
  region size 1024K, 3 young (3072K), 3 survivors (3072K)
 Metaspace       used 10780K, committed 10944K, reserved 1064960K
  class space    used 741K, committed 832K, reserved 1048576K
}
Event: 2.153 GC heap before
{Heap before GC invocations=1 (full 0):
 garbage-first heap   total 126976K, used 37597K [0x0000000085800000, 0x0000000100000000)
  region size 1024K, 35 young (35840K), 3 survivors (3072K)
 Metaspace       used 12419K, committed 12672K, reserved 1064960K
  class space    used 911K, committed 1024K, reserved 1048576K
}
Event: 2.157 GC heap after
{Heap after GC invocations=2 (full 0):
 garbage-first heap   total 126976K, used 4152K [0x0000000085800000, 0x0000000100000000)
  region size 1024K, 2 young (2048K), 2 survivors (2048K)
 Metaspace       used 12419K, committed 12672K, reserved 1064960K
  class space    used 911K, committed 1024K, reserved 1048576K
}
Event: 5.818 GC heap before
{Heap before GC invocations=2 (full 0):
 garbage-first heap   total 126976K, used 77880K [0x0000000085800000, 0x0000000100000000)
  region size 1024K, 74 young (75776K), 2 survivors (2048K)
 Metaspace       used 12419K, committed 12672K, reserved 1064960K
  class space    used 911K, committed 1024K, reserved 1048576K
}
Event: 5.822 GC heap after
{Heap after GC invocations=3 (full 0):
 garbage-first heap   total 126976K, used 5957K [0x0000000085800000, 0x0000000100000000)
  region size 1024K, 4 young (4096K), 4 survivors (4096K)
 Metaspace       used 12419K, committed 12672K, reserved 1064960K
  class space    used 911K, committed 1024K, reserved 1048576K
}
Event: 12.259 GC heap before
{Heap before GC invocations=3 (full 0):
 garbage-first heap   total 126976K, used 77637K [0x0000000085800000, 0x0000000100000000)
  region size 1024K, 74 young (75776K), 4 survivors (4096K)
 Metaspace       used 12447K, committed 12672K, reserved 1064960K
  class space    used 915K, committed 1024K, reserved 1048576K
}
Event: 12.264 GC heap after
{Heap after GC invocations=4 (full 0):
 garbage-first heap   total 126976K, used 8447K [0x0000000085800000, 0x0000000100000000)
  region size 1024K, 6 young (6144K), 6 survivors (6144K)
 Metaspace       used 12447K, committed 12672K, reserved 1064960K
  class space    used 915K, committed 1024K, reserved 1048576K
}
Event: 17.256 GC heap before
{Heap before GC invocations=4 (full 0):
 garbage-first heap   total 126976K, used 78079K [0x0000000085800000, 0x0000000100000000)
  region size 1024K, 74 young (75776K), 6 survivors (6144K)
 Metaspace       used 12447K, committed 12672K, reserved 1064960K
  class space    used 915K, committed 1024K, reserved 1048576K
}
Event: 17.261 GC heap after
{Heap after GC invocations=5 (full 0):
 garbage-first heap   total 126976K, used 10655K [0x0000000085800000, 0x0000000100000000)
  region size 1024K, 7 young (7168K), 7 survivors (7168K)
 Metaspace       used 12447K, committed 12672K, reserved 1064960K
  class space    used 915K, committed 1024K, reserved 1048576K
}

