# JRE version: OpenJDK Runtime Environment Temurin-17.0.5+8 (17.0.5+8) (build 17.0.5+8)
# Java VM: OpenJDK 64-Bit Server VM Temurin-17.0.5+8 (17.0.5+8, mixed mode, sharing, tiered, compressed oops, compressed class ptrs, g1 gc, windows-amd64)
GC Precious Log:
 CPUs: 8 total, 8 available
 Memory: 7834M
 Large Page Support: Disabled
 NUMA Support: Disabled
 Compressed Oops: Enabled (32-bit)
 Heap Region Size: 1M
 Heap Min Capacity: 8M
 Heap Initial Capacity: 124M
 Heap Max Capacity: 1960M
 Pre-touch: Disabled
 Parallel Workers: 8
 Concurrent Workers: 2
 Concurrent Refinement Workers: 8
 Periodic GC: Disabled
Heap:
 garbage-first heap   total 126976K, used 53720K [0x0000000085800000, 0x0000000100000000)
  region size 1024K, 47 young (48128K), 1 survivors (1024K)
 Metaspace       used 12971K, committed 13184K, reserved 1064960K
  class space    used 928K, committed 1024K, reserved 1048576K
GC Heap History (20 events):
Event: 7.497 GC heap before
{Heap before GC invocations=7 (full 0):
 garbage-first heap   total 126976K, used 81276K [0x0000000085800000, 0x0000000100000000)
  region size 1024K, 74 young (75776K), 2 survivors (2048K)
 Metaspace       used 12932K, committed 13120K, reserved 1064960K
  class space    used 928K, committed 1024K, reserved 1048576K
}
Event: 7.500 GC heap after
{Heap after GC invocations=8 (full 0):
 garbage-first heap   total 126976K, used 7617K [0x0000000085800000, 0x0000000100000000)
  region size 1024K, 2 young (2048K), 2 survivors (2048K)
 Metaspace       used 12932K, committed 13120K, reserved 1064960K
  class space    used 928K, committed 1024K, reserved 1048576K
}
Event: 8.196 GC heap before
{Heap before GC invocations=8 (full 0):
 garbage-first heap   total 126976K, used 81345K [0x0000000085800000, 0x0000000100000000)
  region size 1024K, 74 young (75776K), 2 survivors (2048K)
 Metaspace       used 12937K, committed 13120K, reserved 1064960K
  class space    used 928K, committed 1024K, reserved 1048576K
}
Event: 8.198 GC heap after
{Heap after GC invocations=9 (full 0):
 garbage-first heap   total 126976K, used 7788K [0x0000000085800000, 0x0000000100000000)
  region size 1024K, 3 young (3072K), 3 survivors (3072K)
 Metaspace       used 12937K, committed 13120K, reserved 1064960K
  class space    used 928K, committed 1024K, reserved 1048576K
}
Event: 8.893 GC heap before
{Heap before GC invocations=9 (full 0):
 garbage-first heap   total 126976K, used 80492K [0x0000000085800000, 0x0000000100000000)
  region size 1024K, 74 young (75776K), 3 survivors (3072K)
 Metaspace       used 12951K, committed 13120K, reserved 1064960K
  class space    used 928K, committed 1024K, reserved 1048576K
}
Event: 8.895 GC heap after
{Heap after GC invocations=10 (full 0):
 garbage-first heap   total 126976K, used 7620K [0x0000000085800000, 0x0000000100000000)
  region size 1024K, 2 young (2048K), 2 survivors (2048K)
 Metaspace       used 12951K, committed 13120K, reserved 1064960K
  class space    used 928K, committed 1024K, reserved 1048576K
}
Event: 9.883 GC heap before
{Heap before GC invocations=10 (full 0):
 garbage-first heap   total 126976K, used 81348K [0x0000000085800000, 0x0000000100000000)
  region size 1024K, 74 young (75776K), 2 survivors (2048K)
 Metaspace       used 12955K, committed 13120K, reserved 1064960K
  class space    used 928K, committed 1024K, reserved 1048576K
}
Event: 9.885 GC heap after
{Heap after GC invocations=11 (full 0):
 garbage-first heap   total 126976K, used 7611K [0x0000000085800000, 0x0000000100000000)
  region size 1024K, 2 young (2048K), 2 survivors (2048K)
 Metaspace       used 12955K, committed 13120K, reserved 1064960K
  class space    used 928K, committed 1024K, reserved 1048576K
}
Event: 10.686 GC heap before
{Heap before GC invocations=11 (full 0):
 garbage-first heap   total 126976K, used 81339K [0x0000000085800000, 0x0000000100000000)
  region size 1024K, 74 young (75776K), 2 survivors (2048K)
 Metaspace       used 12957K, committed 13120K, reserved 1064960K
  class space    used 928K, committed 1024K, reserved 1048576K
}
Event: 10.688 GC heap after
{Heap after GC invocations=12 (full 0):
 garbage-first heap   total 126976K, used 7583K [0x0000000085800000, 0x0000000100000000)
  region size 1024K, 2 young (2048K), 2 survivors (2048K)
 Metaspace       used 12957K, committed 13120K, reserved 1064960K
  class space    used 928K, committed 1024K, reserved 1048576K
}
Event: 11.495 GC heap before
{Heap before GC invocations=12 (full 0):
 garbage-first heap   total 126976K, used 81311K [0x0000000085800000, 0x0000000100000000)
  region size 1024K, 74 young (75776K), 2 survivors (2048K)
 Metaspace       used 12959K, committed 13120K, reserved 1064960K
  class space    used 928K, committed 1024K, reserved 1048576K
}
Event: 11.497 GC heap after
{Heap after GC invocations=13 (full 0):
 garbage-first heap   total 126976K, used 7641K [0x0000000085800000, 0x0000000100000000)
  region size 1024K, 2 young (2048K), 2 survivors (2048K)
 Metaspace       used 12959K, committed 13120K, reserved 1064960K
  class space    used 928K, committed 1024K, reserved 1048576K
}
Event: 12.165 GC heap before
{Heap before GC invocations=13 (full 0):
 garbage-first heap   total 126976K, used 81369K [0x0000000085800000, 0x0000000100000000)
  region size 1024K, 74 young (75776K), 2 survivors (2048K)
 Metaspace       used 12966K, committed 13184K, reserved 1064960K
  class space    used 928K, committed 1024K, reserved 1048576K
}
Event: 12.166 GC heap after
{Heap after GC invocations=14 (full 0):
 garbage-first heap   total 126976K, used 7644K [0x0000000085800000, 0x0000000100000000)
  region size 1024K, 2 young (2048K), 2 survivors (2048K)
 Metaspace       used 12966K, committed 13184K, reserved 1064960K
  class space    used 928K, committed 1024K, reserved 1048576K
}
Event: 12.880 GC heap before
{Heap before GC invocations=14 (full 0):
 garbage-first heap   total 126976K, used 81372K [0x0000000085800000, 0x0000000100000000)
  region size 1024K, 74 young (75776K), 2 survivors (2048K)
 Metaspace       used 12968K, committed 13184K, reserved 1064960K
  class space    used 928K, committed 1024K, reserved 1048576K
}
Event: 12.881 GC heap after
{Heap after GC invocations=15 (full 0):
 garbage-first heap   total 126976K, used 7875K [0x0000000085800000, 0x0000000100000000)
  region size 1024K, 3 young (3072K), 3 survivors (3072K)
 Metaspace       used 12968K, committed 13184K, reserved 1064960K
  class space    used 928K, committed 1024K, reserved 1048576K
}
Event: 13.855 GC heap before
{Heap before GC invocations=15 (full 0):
 garbage-first heap   total 126976K, used 80579K [0x0000000085800000, 0x0000000100000000)
  region size 1024K, 74 young (75776K), 3 survivors (3072K)
 Metaspace       used 12969K, committed 13184K, reserved 1064960K
  class space    used 928K, committed 1024K, reserved 1048576K
}
Event: 13.858 GC heap after
{Heap after GC invocations=16 (full 0):
 garbage-first heap   total 126976K, used 7859K [0x0000000085800000, 0x0000000100000000)
  region size 1024K, 3 young (3072K), 3 survivors (3072K)
 Metaspace       used 12969K, committed 13184K, reserved 1064960K
  class space    used 928K, committed 1024K, reserved 1048576K
}
Event: 15.174 GC heap before
{Heap before GC invocations=16 (full 0):
 garbage-first heap   total 126976K, used 80563K [0x0000000085800000, 0x0000000100000000)
  region size 1024K, 74 young (75776K), 3 survivors (3072K)
 Metaspace       used 12971K, committed 13184K, reserved 1064960K
  class space    used 928K, committed 1024K, reserved 1048576K
}
Event: 15.176 GC heap after
{Heap after GC invocations=17 (full 0):
 garbage-first heap   total 126976K, used 7640K [0x0000000085800000, 0x0000000100000000)
  region size 1024K, 1 young (1024K), 1 survivors (1024K)
 Metaspace       used 12971K, committed 13184K, reserved 1064960K
  class space    used 928K, committed 1024K, reserved 1048576K
}

