# JRE version: OpenJDK Runtime Environment Temurin-17.0.5+8 (17.0.5+8) (build 17.0.5+8)
# Java VM: OpenJDK 64-Bit Server VM Temurin-17.0.5+8 (17.0.5+8, mixed mode, sharing, tiered, compressed oops, compressed class ptrs, g1 gc, windows-amd64)
GC Precious Log:
 CPUs: 8 total, 8 available
 Memory: 7834M
 Large Page Support: Disabled
 NUMA Support: Disabled
 Compressed Oops: Enabled (32-bit)
 Heap Region Size: 1M
 Heap Min Capacity: 8M
 Heap Initial Capacity: 124M
 Heap Max Capacity: 1960M
 Pre-touch: Disabled
 Parallel Workers: 8
 Concurrent Workers: 2
 Concurrent Refinement Workers: 8
 Periodic GC: Disabled
Heap:
 garbage-first heap   total 126976K, used 51718K [0x0000000085800000, 0x0000000100000000)
  region size 1024K, 41 young (41984K), 4 survivors (4096K)
 Metaspace       used 13301K, committed 13504K, reserved 1064960K
  class space    used 936K, committed 1024K, reserved 1048576K
GC Heap History (20 events):
Event: 15.416 GC heap before
{Heap before GC invocations=26 (full 0):
 garbage-first heap   total 126976K, used 81497K [0x0000000085800000, 0x0000000100000000)
  region size 1024K, 74 young (75776K), 3 survivors (3072K)
 Metaspace       used 12415K, committed 12608K, reserved 1064960K
  class space    used 912K, committed 1024K, reserved 1048576K
}
Event: 15.419 GC heap after
{Heap after GC invocations=27 (full 0):
 garbage-first heap   total 126976K, used 9108K [0x0000000085800000, 0x0000000100000000)
  region size 1024K, 3 young (3072K), 3 survivors (3072K)
 Metaspace       used 12415K, committed 12608K, reserved 1064960K
  class space    used 912K, committed 1024K, reserved 1048576K
}
Event: 15.888 GC heap before
{Heap before GC invocations=27 (full 0):
 garbage-first heap   total 126976K, used 81812K [0x0000000085800000, 0x0000000100000000)
  region size 1024K, 74 young (75776K), 3 survivors (3072K)
 Metaspace       used 12415K, committed 12608K, reserved 1064960K
  class space    used 912K, committed 1024K, reserved 1048576K
}
Event: 15.890 GC heap after
{Heap after GC invocations=28 (full 0):
 garbage-first heap   total 126976K, used 9215K [0x0000000085800000, 0x0000000100000000)
  region size 1024K, 3 young (3072K), 3 survivors (3072K)
 Metaspace       used 12415K, committed 12608K, reserved 1064960K
  class space    used 912K, committed 1024K, reserved 1048576K
}
Event: 16.356 GC heap before
{Heap before GC invocations=28 (full 0):
 garbage-first heap   total 126976K, used 81919K [0x0000000085800000, 0x0000000100000000)
  region size 1024K, 74 young (75776K), 3 survivors (3072K)
 Metaspace       used 12415K, committed 12608K, reserved 1064960K
  class space    used 912K, committed 1024K, reserved 1048576K
}
Event: 16.359 GC heap after
{Heap after GC invocations=29 (full 0):
 garbage-first heap   total 126976K, used 9303K [0x0000000085800000, 0x0000000100000000)
  region size 1024K, 3 young (3072K), 3 survivors (3072K)
 Metaspace       used 12415K, committed 12608K, reserved 1064960K
  class space    used 912K, committed 1024K, reserved 1048576K
}
Event: 16.823 GC heap before
{Heap before GC invocations=29 (full 0):
 garbage-first heap   total 126976K, used 82007K [0x0000000085800000, 0x0000000100000000)
  region size 1024K, 74 young (75776K), 3 survivors (3072K)
 Metaspace       used 12415K, committed 12608K, reserved 1064960K
  class space    used 912K, committed 1024K, reserved 1048576K
}
Event: 16.826 GC heap after
{Heap after GC invocations=30 (full 0):
 garbage-first heap   total 126976K, used 9683K [0x0000000085800000, 0x0000000100000000)
  region size 1024K, 3 young (3072K), 3 survivors (3072K)
 Metaspace       used 12415K, committed 12608K, reserved 1064960K
  class space    used 912K, committed 1024K, reserved 1048576K
}
Event: 17.275 GC heap before
{Heap before GC invocations=30 (full 0):
 garbage-first heap   total 126976K, used 82387K [0x0000000085800000, 0x0000000100000000)
  region size 1024K, 74 young (75776K), 3 survivors (3072K)
 Metaspace       used 12415K, committed 12608K, reserved 1064960K
  class space    used 912K, committed 1024K, reserved 1048576K
}
Event: 17.278 GC heap after
{Heap after GC invocations=31 (full 0):
 garbage-first heap   total 126976K, used 9693K [0x0000000085800000, 0x0000000100000000)
  region size 1024K, 3 young (3072K), 3 survivors (3072K)
 Metaspace       used 12415K, committed 12608K, reserved 1064960K
  class space    used 912K, committed 1024K, reserved 1048576K
}
Event: 17.731 GC heap before
{Heap before GC invocations=31 (full 0):
 garbage-first heap   total 126976K, used 82397K [0x0000000085800000, 0x0000000100000000)
  region size 1024K, 74 young (75776K), 3 survivors (3072K)
 Metaspace       used 12415K, committed 12608K, reserved 1064960K
  class space    used 912K, committed 1024K, reserved 1048576K
}
Event: 17.734 GC heap after
{Heap after GC invocations=32 (full 0):
 garbage-first heap   total 126976K, used 10027K [0x0000000085800000, 0x0000000100000000)
  region size 1024K, 3 young (3072K), 3 survivors (3072K)
 Metaspace       used 12415K, committed 12608K, reserved 1064960K
  class space    used 912K, committed 1024K, reserved 1048576K
}
Event: 18.185 GC heap before
{Heap before GC invocations=32 (full 0):
 garbage-first heap   total 126976K, used 82731K [0x0000000085800000, 0x0000000100000000)
  region size 1024K, 74 young (75776K), 3 survivors (3072K)
 Metaspace       used 12415K, committed 12608K, reserved 1064960K
  class space    used 912K, committed 1024K, reserved 1048576K
}
Event: 18.188 GC heap after
{Heap after GC invocations=33 (full 0):
 garbage-first heap   total 126976K, used 10202K [0x0000000085800000, 0x0000000100000000)
  region size 1024K, 3 young (3072K), 3 survivors (3072K)
 Metaspace       used 12415K, committed 12608K, reserved 1064960K
  class space    used 912K, committed 1024K, reserved 1048576K
}
Event: 18.636 GC heap before
{Heap before GC invocations=33 (full 0):
 garbage-first heap   total 126976K, used 82906K [0x0000000085800000, 0x0000000100000000)
  region size 1024K, 74 young (75776K), 3 survivors (3072K)
 Metaspace       used 12415K, committed 12608K, reserved 1064960K
  class space    used 912K, committed 1024K, reserved 1048576K
}
Event: 18.639 GC heap after
{Heap after GC invocations=34 (full 0):
 garbage-first heap   total 126976K, used 10441K [0x0000000085800000, 0x0000000100000000)
  region size 1024K, 4 young (4096K), 4 survivors (4096K)
 Metaspace       used 12415K, committed 12608K, reserved 1064960K
  class space    used 912K, committed 1024K, reserved 1048576K
}
Event: 19.069 GC heap before
{Heap before GC invocations=34 (full 0):
 garbage-first heap   total 126976K, used 83145K [0x0000000085800000, 0x0000000100000000)
  region size 1024K, 74 young (75776K), 4 survivors (4096K)
 Metaspace       used 12415K, committed 12608K, reserved 1064960K
  class space    used 912K, committed 1024K, reserved 1048576K
}
Event: 19.072 GC heap after
{Heap after GC invocations=35 (full 0):
 garbage-first heap   total 126976K, used 11431K [0x0000000085800000, 0x0000000100000000)
  region size 1024K, 3 young (3072K), 3 survivors (3072K)
 Metaspace       used 12415K, committed 12608K, reserved 1064960K
  class space    used 912K, committed 1024K, reserved 1048576K
}
Event: 19.488 GC heap before
{Heap before GC invocations=35 (full 0):
 garbage-first heap   total 126976K, used 84135K [0x0000000085800000, 0x0000000100000000)
  region size 1024K, 74 young (75776K), 3 survivors (3072K)
 Metaspace       used 12415K, committed 12608K, reserved 1064960K
  class space    used 912K, committed 1024K, reserved 1048576K
}
Event: 19.490 GC heap after
{Heap after GC invocations=36 (full 0):
 garbage-first heap   total 126976K, used 11782K [0x0000000085800000, 0x0000000100000000)
  region size 1024K, 4 young (4096K), 4 survivors (4096K)
 Metaspace       used 12415K, committed 12608K, reserved 1064960K
  class space    used 912K, committed 1024K, reserved 1048576K
}

