# JRE version: OpenJDK Runtime Environment Temurin-17.0.5+8 (17.0.5+8) (build 17.0.5+8)
# Java VM: OpenJDK 64-Bit Server VM Temurin-17.0.5+8 (17.0.5+8, mixed mode, sharing, tiered, compressed oops, compressed class ptrs, g1 gc, windows-amd64)
GC Precious Log:
 CPUs: 8 total, 8 available
 Memory: 7834M
 Large Page Support: Disabled
 NUMA Support: Disabled
 Compressed Oops: Enabled (32-bit)
 Heap Region Size: 1M
 Heap Min Capacity: 8M
 Heap Initial Capacity: 124M
 Heap Max Capacity: 1960M
 Pre-touch: Disabled
 Parallel Workers: 8
 Concurrent Workers: 2
 Concurrent Refinement Workers: 8
 Periodic GC: Disabled
Heap:
 garbage-first heap   total 126976K, used 54249K [0x0000000085800000, 0x0000000100000000)
  region size 1024K, 47 young (48128K), 7 survivors (7168K)
 Metaspace       used 13003K, committed 13184K, reserved 1064960K
  class space    used 929K, committed 1024K, reserved 1048576K
GC Heap History (10 events):
Event: 1.396 GC heap before
{Heap before GC invocations=0 (full 0):
 garbage-first heap   total 126976K, used 23552K [0x0000000085800000, 0x0000000100000000)
  region size 1024K, 23 young (23552K), 0 survivors (0K)
 Metaspace       used 10760K, committed 10944K, reserved 1064960K
  class space    used 740K, committed 832K, reserved 1048576K
}
Event: 1.403 GC heap after
{Heap after GC invocations=1 (full 0):
 garbage-first heap   total 126976K, used 2781K [0x0000000085800000, 0x0000000100000000)
  region size 1024K, 3 young (3072K), 3 survivors (3072K)
 Metaspace       used 10760K, committed 10944K, reserved 1064960K
  class space    used 740K, committed 832K, reserved 1048576K
}
Event: 2.266 GC heap before
{Heap before GC invocations=1 (full 0):
 garbage-first heap   total 126976K, used 37597K [0x0000000085800000, 0x0000000100000000)
  region size 1024K, 35 young (35840K), 3 survivors (3072K)
 Metaspace       used 12394K, committed 12608K, reserved 1064960K
  class space    used 910K, committed 1024K, reserved 1048576K
}
Event: 2.269 GC heap after
{Heap after GC invocations=2 (full 0):
 garbage-first heap   total 126976K, used 4229K [0x0000000085800000, 0x0000000100000000)
  region size 1024K, 2 young (2048K), 2 survivors (2048K)
 Metaspace       used 12394K, committed 12608K, reserved 1064960K
  class space    used 910K, committed 1024K, reserved 1048576K
}
Event: 6.332 GC heap before
{Heap before GC invocations=2 (full 0):
 garbage-first heap   total 126976K, used 77957K [0x0000000085800000, 0x0000000100000000)
  region size 1024K, 74 young (75776K), 2 survivors (2048K)
 Metaspace       used 12394K, committed 12608K, reserved 1064960K
  class space    used 910K, committed 1024K, reserved 1048576K
}
Event: 6.336 GC heap after
{Heap after GC invocations=3 (full 0):
 garbage-first heap   total 126976K, used 5907K [0x0000000085800000, 0x0000000100000000)
  region size 1024K, 4 young (4096K), 4 survivors (4096K)
 Metaspace       used 12394K, committed 12608K, reserved 1064960K
  class space    used 910K, committed 1024K, reserved 1048576K
}
Event: 13.021 GC heap before
{Heap before GC invocations=3 (full 0):
 garbage-first heap   total 126976K, used 77587K [0x0000000085800000, 0x0000000100000000)
  region size 1024K, 74 young (75776K), 4 survivors (4096K)
 Metaspace       used 12402K, committed 12608K, reserved 1064960K
  class space    used 911K, committed 1024K, reserved 1048576K
}
Event: 13.029 GC heap after
{Heap after GC invocations=4 (full 0):
 garbage-first heap   total 126976K, used 8098K [0x0000000085800000, 0x0000000100000000)
  region size 1024K, 6 young (6144K), 6 survivors (6144K)
 Metaspace       used 12402K, committed 12608K, reserved 1064960K
  class space    used 911K, committed 1024K, reserved 1048576K
}
Event: 18.179 GC heap before
{Heap before GC invocations=4 (full 0):
 garbage-first heap   total 126976K, used 77730K [0x0000000085800000, 0x0000000100000000)
  region size 1024K, 74 young (75776K), 6 survivors (6144K)
 Metaspace       used 12402K, committed 12608K, reserved 1064960K
  class space    used 911K, committed 1024K, reserved 1048576K
}
Event: 18.185 GC heap after
{Heap after GC invocations=5 (full 0):
 garbage-first heap   total 126976K, used 10217K [0x0000000085800000, 0x0000000100000000)
  region size 1024K, 7 young (7168K), 7 survivors (7168K)
 Metaspace       used 12402K, committed 12608K, reserved 1064960K
  class space    used 911K, committed 1024K, reserved 1048576K
}

